d:\workspaces\c\portaudio-win-example\portaudio\x64\debug\vc142.pdb
d:\workspaces\c\portaudio-win-example\portaudio\x64\debug\vc142.idb
d:\workspaces\c\portaudio-win-example\portaudio\x64\debug\pa_win_waveformat.obj
d:\workspaces\c\portaudio-win-example\portaudio\x64\debug\pa_win_util.obj
d:\workspaces\c\portaudio-win-example\portaudio\x64\debug\pa_win_hostapis.obj
d:\workspaces\c\portaudio-win-example\portaudio\x64\debug\pa_win_coinitialize.obj
d:\workspaces\c\portaudio-win-example\portaudio\x64\debug\pa_win_wmme.obj
d:\workspaces\c\portaudio-win-example\portaudio\x64\debug\pa_win_wdmks.obj
d:\workspaces\c\portaudio-win-example\portaudio\x64\debug\pa_win_wasapi.obj
d:\workspaces\c\portaudio-win-example\portaudio\x64\debug\pa_win_ds_dynlink.obj
d:\workspaces\c\portaudio-win-example\portaudio\x64\debug\pa_win_ds.obj
d:\workspaces\c\portaudio-win-example\portaudio\x64\debug\pa_trace.obj
d:\workspaces\c\portaudio-win-example\portaudio\x64\debug\pa_stream.obj
d:\workspaces\c\portaudio-win-example\portaudio\x64\debug\pa_ringbuffer.obj
d:\workspaces\c\portaudio-win-example\portaudio\x64\debug\pa_process.obj
d:\workspaces\c\portaudio-win-example\portaudio\x64\debug\pa_hostapi_skeleton.obj
d:\workspaces\c\portaudio-win-example\portaudio\x64\debug\pa_front.obj
d:\workspaces\c\portaudio-win-example\portaudio\x64\debug\pa_dither.obj
d:\workspaces\c\portaudio-win-example\portaudio\x64\debug\pa_debugprint.obj
d:\workspaces\c\portaudio-win-example\portaudio\x64\debug\pa_cpuload.obj
d:\workspaces\c\portaudio-win-example\portaudio\x64\debug\pa_converters.obj
d:\workspaces\c\portaudio-win-example\portaudio\x64\debug\pa_allocation.obj
d:\workspaces\c\portaudio-win-example\portaudio\x64\debug\pa_x86_plain_converters.obj
d:\workspaces\c\portaudio-win-example\portaudio\x64\debug\pa_win_wdmks_utils.obj
d:\workspaces\c\portaudio-win-example\x64\debug\portaudio.pdb
d:\workspaces\c\portaudio-win-example\portaudio\x64\debug\portaudio.tlog\cl.command.1.tlog
d:\workspaces\c\portaudio-win-example\portaudio\x64\debug\portaudio.tlog\cl.read.1.tlog
d:\workspaces\c\portaudio-win-example\portaudio\x64\debug\portaudio.tlog\cl.write.1.tlog
d:\workspaces\c\portaudio-win-example\portaudio\x64\debug\portaudio.tlog\link-cvtres.read.1.tlog
d:\workspaces\c\portaudio-win-example\portaudio\x64\debug\portaudio.tlog\link-cvtres.write.1.tlog
d:\workspaces\c\portaudio-win-example\portaudio\x64\debug\portaudio.tlog\link-rc.read.1.tlog
d:\workspaces\c\portaudio-win-example\portaudio\x64\debug\portaudio.tlog\link-rc.write.1.tlog
d:\workspaces\c\portaudio-win-example\portaudio\x64\debug\portaudio.tlog\link.command.1.tlog
d:\workspaces\c\portaudio-win-example\portaudio\x64\debug\portaudio.tlog\link.read.1.tlog
d:\workspaces\c\portaudio-win-example\portaudio\x64\debug\portaudio.tlog\link.write.1.tlog
