  pa_allocation.c
  pa_converters.c
  pa_cpuload.c
  pa_debugprint.c
  pa_dither.c
  pa_front.c
  pa_hostapi_skeleton.c
  pa_process.c
  pa_ringbuffer.c
  pa_stream.c
  pa_trace.c
  pa_win_ds.c
  pa_win_ds_dynlink.c
  pa_win_wasapi.c
  pa_win_wdmks.c
  pa_win_wmme.c
D:\Workspaces\c\portaudio-win-example\portaudio\hostapi\wmme\pa_win_wmme.c(676,46): warning C4312:  'type cast': conversion from 'int' to 'HWAVEIN' of greater size
D:\Workspaces\c\portaudio-win-example\portaudio\hostapi\wmme\pa_win_wmme.c(685,46): warning C4312:  'type cast': conversion from 'int' to 'HWAVEIN' of greater size
D:\Workspaces\c\portaudio-win-example\portaudio\hostapi\wmme\pa_win_wmme.c(806,49): warning C4312:  'type cast': conversion from 'int' to 'HWAVEOUT' of greater size
D:\Workspaces\c\portaudio-win-example\portaudio\hostapi\wmme\pa_win_wmme.c(815,49): warning C4312:  'type cast': conversion from 'int' to 'HWAVEOUT' of greater size
D:\Workspaces\c\portaudio-win-example\portaudio\hostapi\wmme\pa_win_wmme.c(1020,40): warning C4312:  'type cast': conversion from 'UINT' to 'HWAVEIN' of greater size
  pa_win_coinitialize.c
  pa_win_hostapis.c
  pa_win_util.c
  pa_win_waveformat.c
  Generating Code...
  Compiling...
  pa_win_wdmks_utils.c
  pa_x86_plain_converters.c
  Generating Code...
D:\Workspaces\c\portaudio-win-example\portaudio\hostapi\wmme\pa_win_wmme.c(1024,42): warning C4312:  'type cast': conversion from 'UINT' to 'HWAVEOUT' of greater size
  portaudio.vcxproj -> D:\Workspaces\c\portaudio-win-example\x64\Debug\portaudio.lib
